GenisysPro Crash Dump Thu Jun 6 05:55:56 CEST 2019

Error: Argument 3 passed to JackMD\MysteryCrate\libs\JackMD\UpdateNotifier\UpdateNotifier::checkUpdate() must be of the type string, float given, called in phar:///home/minecraft/plugins/MysteryCrate.___.phar/src/JackMD/MysteryCrate/Main.php on line 93
File: /MysteryCrate.___.phar/src/JackMD/MysteryCrate/libs/JackMD/UpdateNotifier/UpdateNotifier
Line: 48
Type: notice

THIS CRASH WAS CAUSED BY A PLUGIN

Code:

Backtrace:
#0 /src/pocketmine/plugin/PharPluginLoader(112): JackMD\MysteryCrate\Main->onLoad(boolean)
#1 /src/pocketmine/plugin/PharPluginLoader(65): pocketmine\plugin\PharPluginLoader->initPlugin(JackMD\MysteryCrate\Main object, pocketmine\plugin\PluginDescription object, string /home/minecraft/plugins/MysteryCrate, string phar:///home/minecraft/plugins/MysteryCrate.___.phar)
#2 /src/pocketmine/plugin/PluginManager(159): pocketmine\plugin\PharPluginLoader->loadPlugin(string phar:///home/minecraft/plugins/MysteryCrate.___.phar)
#3 /src/pocketmine/plugin/PluginManager(346): pocketmine\plugin\PluginManager->loadPlugin(string /home/minecraft/plugins/MysteryCrate.___.phar, array Array())
#4 /src/pocketmine/Server(1898): pocketmine\plugin\PluginManager->loadPlugins(string /home/minecraft/plugins/)
#5 /src/pocketmine/PocketMine(492): pocketmine\Server->__construct(BaseClassLoader object, pocketmine\utils\MainLogger object, string phar:///home/minecraft/pocketmine.phar/, string /home/minecraft/, string /home/minecraft/plugins/)
#6 (1): require_once(string phar:///home/minecraft/pocketmine.phar/src/pocketmine/PocketMine.php)

GenisysPro version: 0000000000000000000000000000000000000000 [Protocol 113; API 3.0.1]
uname -a: Linux 44d51a569e67 4.19.0-0.bpo.4-amd64 #1 SMP Debian 4.19.28-2~bpo9+1 (2019-03-27) x86_64
PHP version: 7.2.16
Zend version: 3.2.0
OS : Linux, linux

Server uptime: 0 seconds
Number of loaded worlds: 0
Players online: 0/25

Loaded plugins:
itemID_DoDo 1.1.0 by KaitoDoDo for API(s) 1.0.0, 1.1.0, 2.0.0
EconomyAPI 2.0.9 by onebone for API(s) 2.0.0
Slapper 1.3.5 by jojoe77777 for API(s) 3.0.0-ALPHA5, 3.0.0-ALPHA6
Broadcaster 1.16 by EvolSoft for API(s) 1.12.0
AlwaysSpawn 2.2.3-3 by Philip Shilling for API(s) 3.0.0-ALPHA7, 3.0.0-ALPHA8, 3.0.0-ALPHA9
MSpawns 1.5 by EvolSoft for API(s) 1.11.0
WorldProtect 2.2.0 by aliuly for API(s) 1.10.0, 1.12.0
essentialsTP 1.1.0 by LegendsOfMCPE for API(s) 2.0.0, 3.0.1, 3.0.0-ALPHA1, 3.0.0-ALPHA2, 3.0.0-ALPHA3, 3.0.0-ALPHA4, 3.0.0-ALPHA5, 3.0.0-ALPHA6, 3.0.0-ALPHA7
KeepInventory 1.2.0 by boybook for API(s) 1.0.0
AutoInv 1.0.1 by HotshotHD for API(s) 1.12.0, 1.13.0
iSoftCrates 0.1 by Az928 for API(s) 3.0.0, 2.1.0
EconomySell 2.0.7 by onebone for API(s) 1.12.0
SimpleAuth 1.8.1 by PocketMine Team, shoghicp, awzaw for API(s) 2.0.0, 3.0.0-ALPHA1, 3.0.0-ALPHA2, 3.0.0-ALPHA3, 3.0.0-ALPHA4, 3.0.0-ALPHA5
MagicWE 0.2.4 by thebigsmileXD for API(s) 1.13.0, 2.0.0
PurePerms 1.3.7 by 64FF00 & ProjectInfinity for API(s) 1.13.0, 2.0.0
