GenisysPro Crash Dump Sun Jun 9 12:14:20 CEST 2019

Error: Declaration of skywars\commands\SkyWarsCommand::execute(pocketmine\command\CommandSender $sender, string $commandLabel, array $args) must be compatible with pocketmine\command\Command::execute(pocketmine\command\CommandSender $sender, $commandLabel, array $args)
File: /Skywarstesr.phar/src/skywars/commands/SkyWarsCommand
Line: 19
Type: E_COMPILE_ERROR

THIS CRASH WAS CAUSED BY A PLUGIN
BAD PLUGIN : Skywars v1.1.0

Code:

Backtrace:
#0 (): pocketmine\Server->crashDump(boolean)

GenisysPro version: 0000000000000000000000000000000000000000 [Protocol 113; API 3.0.1]
uname -a: Linux 44d51a569e67 4.19.0-0.bpo.4-amd64 #1 SMP Debian 4.19.28-2~bpo9+1 (2019-03-27) x86_64
PHP version: 7.2.16
Zend version: 3.2.0
OS : Linux, linux

Server uptime: 1 seconds
Number of loaded worlds: 3
Players online: 0/25

Loaded plugins:
itemID_DoDo 1.1.0 by KaitoDoDo for API(s) 1.0.0, 1.1.0, 2.0.0
EconomyAPI 2.0.9 by onebone for API(s) 2.0.0
Skywars 1.1.0 by GamakCZ for API(s) 3.0.0, 2.0.0
FrameKeeper 1.1 by KhoaGamingPro for API(s) 3.0.0, 3.0.1, 3.0.0-ALPHA1, 3.0.0-ALPHA2, 3.0.0-ALPHA3, 3.0.0-ALPHA3, 3.0.0-ALPHA4, 3.0.0-ALPHA5, 3.0.0-ALPHA6
CopyPasteBuildDP 2.0.0 by khavmc for API(s) 3.0.0, 3.0.1, 2.0.0, 3.0.0-ALPHA7
Slapper 1.3.5 by jojoe77777 for API(s) 3.0.0-ALPHA5, 3.0.0-ALPHA6
Broadcaster 1.16 by EvolSoft for API(s) 1.12.0
AlwaysSpawn 2.2.3-3 by Philip Shilling for API(s) 3.0.0-ALPHA7, 3.0.0-ALPHA8, 3.0.0-ALPHA9
MSpawns 1.5 by EvolSoft for API(s) 1.11.0
WorldProtect 2.2.0 by aliuly for API(s) 1.10.0, 1.12.0
essentialsTP 1.1.0 by LegendsOfMCPE for API(s) 2.0.0, 3.0.1, 3.0.0-ALPHA1, 3.0.0-ALPHA2, 3.0.0-ALPHA3, 3.0.0-ALPHA4, 3.0.0-ALPHA5, 3.0.0-ALPHA6, 3.0.0-ALPHA7
KeepInventory 1.2.0 by boybook for API(s) 1.0.0
AutoInv 1.0.1 by HotshotHD for API(s) 1.12.0, 1.13.0
iSoftCrates 0.1 by Az928 for API(s) 3.0.0, 2.1.0
EconomySell 2.0.7 by onebone for API(s) 1.12.0
SimpleAuth 1.8.1 by PocketMine Team, shoghicp, awzaw for API(s) 2.0.0, 3.0.0-ALPHA1, 3.0.0-ALPHA2, 3.0.0-ALPHA3, 3.0.0-ALPHA4, 3.0.0-ALPHA5
Qua 3 by AmGM for API(s) 2.0.0
MagicWE 0.2.4 by thebigsmileXD for API(s) 1.13.0, 2.0.0
PurePerms 1.3.7 by 64FF00 & ProjectInfinity for API(s) 1.13.0, 2.0.0
ManyWorlds 2.1.0 by aliuly for API(s) 2.0.0
RandomOre 2.0.0 by CrazyTeam for API(s) 3.0.0, 3.1.0, 4.0.0
EconomyShop 2.0.7 by onebone for API(s) 1.12.0
SimpleAuthHelper 2.0.1 by aliuly for API(s) 1.12.0
FactionsPro 0.1#Beta by Array for API(s) 1.14.0, 2.0.0- 3.0.0-ALPHA9
SETVIP 2.3 by MCPEVN TEAM for API(s) 3.0.0
FaceLogin 1.0.0 by Muqsit for API(s) 2.0.0, 3.0.0, 3.0.0-ALPHA4, 3.0.0-ALPHA5, 3.0.0-ALPHA6, 3.0.0-ALPHA67
Sell 2 by Muqsit for API(s) 2.0.0
Trade_SoraLifeVN 1.1 by SoraLifeVN for API(s) 2.0.0, 3.0.0-ALPHA9
Fly 2 by DragonPlayzMC for API(s) 2.0.0
Spawner_DRL[GN] 2 by Ghast for API(s) 2.0.0
SuperBar 1 by ThanhTuan for API(s) 1.0.0, 2.0.0, 2.1.0, 3.0.0, 3.0.0-ALPHA1, 3.0.0-ALPHA2, 3.0.0-ALPHA9
Muado 1 by AmGM for API(s) 2.0.0, 3.0.0
BuyEnchant 1 by  for API(s) 3.0.0-ALPHA9
TopIS 2 by kuraLLsz for API(s) 3.0.0-ALPHA6
Giftcode 1.2beta1 by  for API(s) 2.0.0
Buyfix 1.0.0 by Niolz Gamer for API(s) 2.0.0
SClearLagg Beta_0.2 by Sergey_Dertan for API(s) 1.8.0
Két_Sắt 2 by Không Rõ for API(s) 2.0.0, 3.0.0, 3.0.0-ALPHA3, 3.0.0-ALPHA4, 3.0.0-ALPHA5, 3.0.0-ALPHA6, 3.0.0-ALPHA7, 3.0.0-ALPHA8
Void 1.0.0 by SoralifeVN for API(s) 2.0.0
VoteReward 3.0.2 by LDX for API(s) 1.12.0, 2.0.0
Pets 2 by NameLess for API(s) 1.0.0, 2.0.0, 3.0.0-ALPHA1, 3.0.0-ALPHA2
CustomAlerts 1.6 by EvolSoft for API(s) 3.0.0-ALPHA9
PureChat 1.4.0 by 64FF00 for API(s) 1.13.0, 2.0.0
SkyBlock 2 by no name (edit by hugoDZgamer) for API(s) 3.0.1
